<?xml version="1.0" encoding="UTF-8"?>
<!-- Generated by org.testng.reporters.JUnitXMLReporter -->
<testsuite hostname="WorkPC" ignored="0" name="Command line test" tests="8" failures="0" timestamp="2022-11-08T19:38:14 IST" time="4.042" errors="0">
  <testcase name="@BeforeClass LaunchBrwoser" time="3.963" classname="runner.Runer">
    <failure type="java.lang.NullPointerException">
      <![CDATA[java.lang.NullPointerException
at java.util.Properties$LineReader.readLine(Properties.java:434)
at java.util.Properties.load0(Properties.java:353)
at java.util.Properties.load(Properties.java:341)
at com.data.ConfigReader.<init>(ConfigReader.java:25)
at com.data.ConfigManager.getInstanceConfigReader(ConfigManager.java:8)
at runner.Runer.LaunchBrwoser(Runer.java:38)
at java.util.ArrayList.forEach(ArrayList.java:1259)
at runner.TestRunner.main(TestRunner.java:11)
... Removed 22 stack frames]]>
    </failure>
  </testcase> <!-- @BeforeClass LaunchBrwoser -->
  <testcase name="HomeModule" time="0.0" classname="runner.Runer">
    <skipped/>
  </testcase> <!-- HomeModule -->
  <testcase name="PatientModule" time="0.0" classname="runner.Runer">
    <skipped/>
  </testcase> <!-- PatientModule -->
  <testcase name="HealthRec" time="0.0" classname="runner.Runer">
    <skipped/>
  </testcase> <!-- HealthRec -->
  <testcase name="calendar" time="0.0" classname="runner.Runer">
    <skipped/>
  </testcase> <!-- calendar -->
  <testcase name="BillingModule" time="0.0" classname="runner.Runer">
    <skipped/>
  </testcase> <!-- BillingModule -->
  <testcase name="TeleDoctor" time="0.0" classname="runner.Runer">
    <skipped/>
  </testcase> <!-- TeleDoctor -->
  <testcase name="Message" time="0.0" classname="runner.Runer">
    <skipped/>
  </testcase> <!-- Message -->
  <testcase name="Settings" time="0.0" classname="runner.Runer">
    <skipped/>
  </testcase> <!-- Settings -->
</testsuite> <!-- Command line test -->
