<?xml version="1.0" encoding="UTF-8"?>
<testng-results skipped="0" failed="1" ignored="0" total="8" passed="7">
  <reporter-output>
  </reporter-output>
  <suite name="Default suite" duration-ms="676354" started-at="2022-11-09T15:58:28 IST" finished-at="2022-11-09T16:09:44 IST">
    <groups>
    </groups>
    <test name="Default test" duration-ms="676354" started-at="2022-11-09T15:58:28 IST" finished-at="2022-11-09T16:09:44 IST">
      <class name="runner.Local_Host">
        <test-method status="PASS" signature="LaunchBrwoser()[pri:0, instance:runner.Local_Host@27808f31]" name="LaunchBrwoser" is-config="true" duration-ms="44487" started-at="2022-11-09T15:58:28 IST" finished-at="2022-11-09T15:59:12 IST">
          <reporter-output>
          </reporter-output>
        </test-method> <!-- LaunchBrwoser -->
        <test-method status="PASS" signature="HomeModule()[pri:0, instance:runner.Local_Host@27808f31]" name="HomeModule" duration-ms="18153" started-at="2022-11-09T15:59:12 IST" finished-at="2022-11-09T15:59:30 IST">
          <reporter-output>
          </reporter-output>
        </test-method> <!-- HomeModule -->
        <test-method status="PASS" signature="PatientModule()[pri:1, instance:runner.Local_Host@27808f31]" name="PatientModule" duration-ms="17707" started-at="2022-11-09T15:59:30 IST" finished-at="2022-11-09T15:59:48 IST">
          <reporter-output>
          </reporter-output>
        </test-method> <!-- PatientModule -->
        <test-method status="FAIL" signature="HealthRec()[pri:2, instance:runner.Local_Host@27808f31]" name="HealthRec" duration-ms="142940" started-at="2022-11-09T15:59:48 IST" finished-at="2022-11-09T16:02:11 IST">
          <exception class="org.openqa.selenium.StaleElementReferenceException">
            <message>
              <![CDATA[stale element reference: element is not attached to the page document
  (Session info: chrome=107.0.5304.88)
For documentation on this error, please visit: https://www.seleniumhq.org/exceptions/stale_element_reference.html
Build info: version: '3.141.59', revision: 'e82be7d358', time: '2018-11-14T08:25:53'
System info: host: 'WORKPC', ip: '10.2.0.2', os.name: 'Windows 10', os.arch: 'amd64', os.version: '10.0', java.version: '1.8.0_331'
Driver info: org.openqa.selenium.chrome.ChromeDriver
Capabilities {acceptInsecureCerts: false, browserName: chrome, browserVersion: 107.0.5304.88, chrome: {chromedriverVersion: 107.0.5304.62 (1eec40d3a576..., userDataDir: C:\Users\Admin\AppData\Loca...}, goog:chromeOptions: {debuggerAddress: localhost:57181}, javascriptEnabled: true, networkConnectionEnabled: false, pageLoadStrategy: normal, platform: WINDOWS, platformName: WINDOWS, proxy: Proxy(), setWindowRect: true, strictFileInteractability: false, timeouts: {implicit: 0, pageLoad: 300000, script: 30000}, unhandledPromptBehavior: dismiss and notify, webauthn:extension:credBlob: true, webauthn:extension:largeBlob: true, webauthn:virtualAuthenticators: true}
Session ID: 3897e6a0e7121363f761d9b6596b8f74]]>
            </message>
            <full-stacktrace>
              <![CDATA[org.openqa.selenium.StaleElementReferenceException: stale element reference: element is not attached to the page document
  (Session info: chrome=107.0.5304.88)
For documentation on this error, please visit: https://www.seleniumhq.org/exceptions/stale_element_reference.html
Build info: version: '3.141.59', revision: 'e82be7d358', time: '2018-11-14T08:25:53'
System info: host: 'WORKPC', ip: '10.2.0.2', os.name: 'Windows 10', os.arch: 'amd64', os.version: '10.0', java.version: '1.8.0_331'
Driver info: org.openqa.selenium.chrome.ChromeDriver
Capabilities {acceptInsecureCerts: false, browserName: chrome, browserVersion: 107.0.5304.88, chrome: {chromedriverVersion: 107.0.5304.62 (1eec40d3a576..., userDataDir: C:\Users\Admin\AppData\Loca...}, goog:chromeOptions: {debuggerAddress: localhost:57181}, javascriptEnabled: true, networkConnectionEnabled: false, pageLoadStrategy: normal, platform: WINDOWS, platformName: WINDOWS, proxy: Proxy(), setWindowRect: true, strictFileInteractability: false, timeouts: {implicit: 0, pageLoad: 300000, script: 30000}, unhandledPromptBehavior: dismiss and notify, webauthn:extension:credBlob: true, webauthn:extension:largeBlob: true, webauthn:virtualAuthenticators: true}
Session ID: 3897e6a0e7121363f761d9b6596b8f74
at sun.reflect.NativeConstructorAccessorImpl.newInstance0(Native Method)
at sun.reflect.NativeConstructorAccessorImpl.newInstance(NativeConstructorAccessorImpl.java:62)
at sun.reflect.DelegatingConstructorAccessorImpl.newInstance(DelegatingConstructorAccessorImpl.java:45)
at java.lang.reflect.Constructor.newInstance(Constructor.java:423)
at org.openqa.selenium.remote.http.W3CHttpResponseCodec.createException(W3CHttpResponseCodec.java:187)
at org.openqa.selenium.remote.http.W3CHttpResponseCodec.decode(W3CHttpResponseCodec.java:122)
at org.openqa.selenium.remote.http.W3CHttpResponseCodec.decode(W3CHttpResponseCodec.java:49)
at org.openqa.selenium.remote.HttpCommandExecutor.execute(HttpCommandExecutor.java:158)
at org.openqa.selenium.remote.service.DriverCommandExecutor.execute(DriverCommandExecutor.java:83)
at org.openqa.selenium.remote.RemoteWebDriver.execute(RemoteWebDriver.java:552)
at org.openqa.selenium.remote.RemoteWebElement.execute(RemoteWebElement.java:285)
at org.openqa.selenium.remote.RemoteWebElement.isDisplayed(RemoteWebElement.java:326)
at org.openqa.selenium.support.ui.ExpectedConditions.elementIfVisible(ExpectedConditions.java:314)
at org.openqa.selenium.support.ui.ExpectedConditions.access$000(ExpectedConditions.java:43)
at org.openqa.selenium.support.ui.ExpectedConditions$10.apply(ExpectedConditions.java:300)
at org.openqa.selenium.support.ui.ExpectedConditions$10.apply(ExpectedConditions.java:297)
at org.openqa.selenium.support.ui.FluentWait.until(FluentWait.java:249)
at com.baseClass.base.visbility(base.java:344)
at runner.Local_Host.HealthRec(Local_Host.java:1533)
at sun.reflect.NativeMethodAccessorImpl.invoke0(Native Method)
at sun.reflect.NativeMethodAccessorImpl.invoke(NativeMethodAccessorImpl.java:62)
at sun.reflect.DelegatingMethodAccessorImpl.invoke(DelegatingMethodAccessorImpl.java:43)
at java.lang.reflect.Method.invoke(Method.java:498)
at org.testng.internal.MethodInvocationHelper.invokeMethod(MethodInvocationHelper.java:133)
at org.testng.internal.TestInvoker.invokeMethod(TestInvoker.java:598)
at org.testng.internal.TestInvoker.invokeTestMethod(TestInvoker.java:173)
at org.testng.internal.MethodRunner.runInSequence(MethodRunner.java:46)
at org.testng.internal.TestInvoker$MethodInvocationAgent.invoke(TestInvoker.java:824)
at org.testng.internal.TestInvoker.invokeTestMethods(TestInvoker.java:146)
at org.testng.internal.TestMethodWorker.invokeTestMethods(TestMethodWorker.java:146)
at org.testng.internal.TestMethodWorker.run(TestMethodWorker.java:128)
at java.util.ArrayList.forEach(ArrayList.java:1259)
at org.testng.TestRunner.privateRun(TestRunner.java:794)
at org.testng.TestRunner.run(TestRunner.java:596)
at org.testng.SuiteRunner.runTest(SuiteRunner.java:377)
at org.testng.SuiteRunner.runSequentially(SuiteRunner.java:371)
at org.testng.SuiteRunner.privateRun(SuiteRunner.java:332)
at org.testng.SuiteRunner.run(SuiteRunner.java:276)
at org.testng.SuiteRunnerWorker.runSuite(SuiteRunnerWorker.java:53)
at org.testng.SuiteRunnerWorker.run(SuiteRunnerWorker.java:96)
at org.testng.TestNG.runSuitesSequentially(TestNG.java:1212)
at org.testng.TestNG.runSuitesLocally(TestNG.java:1134)
at org.testng.TestNG.runSuites(TestNG.java:1063)
at org.testng.TestNG.run(TestNG.java:1031)
at org.testng.remote.AbstractRemoteTestNG.run(AbstractRemoteTestNG.java:115)
at org.testng.remote.RemoteTestNG.initAndRun(RemoteTestNG.java:251)
at org.testng.remote.RemoteTestNG.main(RemoteTestNG.java:77)
]]>
            </full-stacktrace>
          </exception> <!-- org.openqa.selenium.StaleElementReferenceException -->
          <reporter-output>
          </reporter-output>
        </test-method> <!-- HealthRec -->
        <test-method status="PASS" signature="calendar()[pri:3, instance:runner.Local_Host@27808f31]" name="calendar" duration-ms="40549" started-at="2022-11-09T16:02:11 IST" finished-at="2022-11-09T16:02:51 IST">
          <reporter-output>
          </reporter-output>
        </test-method> <!-- calendar -->
        <test-method status="PASS" signature="BillingModule()[pri:4, instance:runner.Local_Host@27808f31]" name="BillingModule" duration-ms="79929" started-at="2022-11-09T16:02:51 IST" finished-at="2022-11-09T16:04:11 IST">
          <reporter-output>
          </reporter-output>
        </test-method> <!-- BillingModule -->
        <test-method status="PASS" signature="TeleDoctor()[pri:5, instance:runner.Local_Host@27808f31]" name="TeleDoctor" duration-ms="15282" started-at="2022-11-09T16:04:11 IST" finished-at="2022-11-09T16:04:27 IST">
          <reporter-output>
          </reporter-output>
        </test-method> <!-- TeleDoctor -->
        <test-method status="PASS" signature="Message()[pri:6, instance:runner.Local_Host@27808f31]" name="Message" duration-ms="6703" started-at="2022-11-09T16:04:27 IST" finished-at="2022-11-09T16:04:33 IST">
          <reporter-output>
          </reporter-output>
        </test-method> <!-- Message -->
        <test-method status="PASS" signature="Settings()[pri:7, instance:runner.Local_Host@27808f31]" name="Settings" duration-ms="310521" started-at="2022-11-09T16:04:33 IST" finished-at="2022-11-09T16:09:44 IST">
          <reporter-output>
          </reporter-output>
        </test-method> <!-- Settings -->
      </class> <!-- runner.Local_Host -->
    </test> <!-- Default test -->
  </suite> <!-- Default suite -->
</testng-results>
